{
  "stats": {
    "suites": 18,
    "tests": 147,
    "passes": 147,
    "pending": 0,
    "failures": 0,
    "start": "2023-11-15T01:50:01.784Z",
    "end": "2023-11-15T02:00:50.789Z",
    "duration": 649005,
    "testsRegistered": 147,
    "passPercent": 100,
    "pendingPercent": 0,
    "other": 0,
    "hasOther": false,
    "skipped": 0,
    "hasSkipped": false
  },
  "results": [
    {
      "uuid": "33da8a4a-448f-493e-88a5-45598aa8283b",
      "title": "",
      "fullFile": "",
      "file": "",
      "beforeHooks": [],
      "afterHooks": [],
      "tests": [],
      "suites": [
        {
          "uuid": "aec437eb-4b1f-4b9a-8328-6ec12aad28d7",
          "title": "Login",
          "fullFile": "C:\\Users\\gohan\\Escritorio\\CAPSTONE\\WEB\\listify-test\\listify-tests\\test\\login\\login.spec.js",
          "file": "\\test\\login\\login.spec.js",
          "beforeHooks": [],
          "afterHooks": [
            {
              "title": "\"after all\" hook in \"Login\"",
              "fullTitle": "Login \"after all\" hook in \"Login\"",
              "timedOut": false,
              "duration": 0,
              "state": null,
              "speed": null,
              "pass": false,
              "fail": false,
              "pending": false,
              "context": null,
              "code": "driver.quit();",
              "err": {},
              "uuid": "63adedc6-8fbe-443d-81b0-1b68b6192f6a",
              "parentUUID": "aec437eb-4b1f-4b9a-8328-6ec12aad28d7",
              "isHook": true,
              "skipped": false
            },
            {
              "title": "\"after each\" hook in \"Login\"",
              "fullTitle": "Login \"after each\" hook in \"Login\"",
              "timedOut": false,
              "duration": 0,
              "state": null,
              "speed": null,
              "pass": false,
              "fail": false,
              "pending": false,
              "context": null,
              "code": "let imageFileName = this.currentTest.title + '.jpeg';\ndriver.takeScreenshot().then(\n    function(image){\n        require('fs').writeFileSync('./mochawesome-report/screenshots/login/' + imageFileName, image, 'base64');\n    }\n)\naddContext(this, 'A continuación imagen del resultado de la prueba.');\naddContext(this, './screenshots/login/' + imageFileName);",
              "err": {},
              "uuid": "14631a44-9187-4f60-b950-b68e0cf0e8ce",
              "parentUUID": "aec437eb-4b1f-4b9a-8328-6ec12aad28d7",
              "isHook": true,
              "skipped": false
            }
          ],
          "tests": [
            {
              "title": "LOG01 - Login user success",
              "fullTitle": "Login LOG01 - Login user success",
              "timedOut": false,
              "duration": 6928,
              "state": "passed",
              "speed": "slow",
              "pass": true,
              "fail": false,
              "pending": false,
              "context": "[\n  \"A continuación imagen del resultado de la prueba.\",\n  \"./screenshots/login/LOG01 - Login user success.jpeg\"\n]",
              "code": "await driver.get(\"http://localhost:4200/login\");\nawait driver.findElement(By.id('mat-input-0')).sendKeys('PLAYER@EMAIL.COM');\nawait driver.findElement(By.id('mat-input-1')).sendKeys('345678')\nawait driver.findElement(By.className('login-button')).click();\nawait driver.sleep(1000)\nawait driver.findElement(By.id('logout')).click();\nawait driver.sleep(1000)\nawait driver.findElement(By.className('confirm-main-button mdc-button mat-mdc-button mat-unthemed mat-mdc-button-base')).click();",
              "err": {},
              "uuid": "50f957d5-4047-4ef2-bccb-23f8647a947e",
              "parentUUID": "aec437eb-4b1f-4b9a-8328-6ec12aad28d7",
              "isHook": false,
              "skipped": false
            },
            {
              "title": "LOG02 - Login user unsuccessfully",
              "fullTitle": "Login LOG02 - Login user unsuccessfully",
              "timedOut": false,
              "duration": 1775,
              "state": "passed",
              "speed": "slow",
              "pass": true,
              "fail": false,
              "pending": false,
              "context": "[\n  \"A continuación imagen del resultado de la prueba.\",\n  \"./screenshots/login/LOG02 - Login user unsuccessfully.jpeg\"\n]",
              "code": "await driver.get(\"http://localhost:4200/login\");\nawait driver.findElement(By.id('mat-input-0')).sendKeys('dummy@email.com');\nawait driver.findElement(By.id('mat-input-1')).sendKeys('dummyPass');\nawait driver.findElement(By.className('login-button')).click();\nawait driver.sleep(1000)\nawait driver.findElement(By.className('mat-mdc-snack-bar-container')).getText().then(function (text) {\n    text.should.include(\"Can't login, please check the credentials\");\n});",
              "err": {},
              "uuid": "43661c05-ef62-4f28-b9f8-f8e8d0748a3d",
              "parentUUID": "aec437eb-4b1f-4b9a-8328-6ec12aad28d7",
              "isHook": false,
              "skipped": false
            },
            {
              "title": "LOG03 - Email field empty",
              "fullTitle": "Login LOG03 - Email field empty",
              "timedOut": false,
              "duration": 1360,
              "state": "passed",
              "speed": "slow",
              "pass": true,
              "fail": false,
              "pending": false,
              "context": "[\n  \"A continuación imagen del resultado de la prueba.\",\n  \"./screenshots/login/LOG03 - Email field empty.jpeg\"\n]",
              "code": "await driver.get(\"http://localhost:4200/login\");\nawait driver.findElement(By.id('mat-input-1')).sendKeys('789012');\nawait driver.findElement(By.className('login-button')).click();\nawait driver.sleep(1000)\nawait driver.findElement(By.id('mat-mdc-hint-0')).getText().then(function (text) {\n    text.should.include('Field EMAIL_IN is required');\n});\nawait driver.findElement(By.className('mat-mdc-snack-bar-container')).getText().then(function (text) {\n    text.should.include(\"Can't login, please check the fields\");\n});",
              "err": {},
              "uuid": "17cbc3bf-2d38-4c7e-a7a9-ccb22b9450a5",
              "parentUUID": "aec437eb-4b1f-4b9a-8328-6ec12aad28d7",
              "isHook": false,
              "skipped": false
            },
            {
              "title": "LOG04 - Email overpasing max length",
              "fullTitle": "Login LOG04 - Email overpasing max length",
              "timedOut": false,
              "duration": 1427,
              "state": "passed",
              "speed": "slow",
              "pass": true,
              "fail": false,
              "pending": false,
              "context": "[\n  \"A continuación imagen del resultado de la prueba.\",\n  \"./screenshots/login/LOG04 - Email overpasing max length.jpeg\"\n]",
              "code": "await driver.get(\"http://localhost:4200/login\");\nawait driver.findElement(By.id('mat-input-0')).sendKeys('thisisanemailfortestingpurposesonly1234567890asdfgf');\nawait driver.findElement(By.id('mat-input-1')).sendKeys('789012');\nawait driver.findElement(By.className('login-button')).click();\nawait driver.sleep(1000)\nawait driver.findElement(By.id('mat-mdc-hint-0')).getText().then(function (text) {\n    text.should.include('Field EMAIL_IN must have a maximum of 50 characters');\n});\nawait driver.findElement(By.className('mat-mdc-snack-bar-container')).getText().then(function (text) {\n    text.should.include(\"Can't login, please check the fields\");\n});",
              "err": {},
              "uuid": "d09a2bb6-952e-45eb-989e-b16563092636",
              "parentUUID": "aec437eb-4b1f-4b9a-8328-6ec12aad28d7",
              "isHook": false,
              "skipped": false
            },
            {
              "title": "LOG05 - Sql email injection",
              "fullTitle": "Login LOG05 - Sql email injection",
              "timedOut": false,
              "duration": 1401,
              "state": "passed",
              "speed": "slow",
              "pass": true,
              "fail": false,
              "pending": false,
              "context": "[\n  \"A continuación imagen del resultado de la prueba.\",\n  \"./screenshots/login/LOG05 - Sql email injection.jpeg\"\n]",
              "code": "await driver.get(\"http://localhost:4200/login\");\nawait driver.findElement(By.id('mat-input-0')).sendKeys(\"' or'1'='1\");\nawait driver.findElement(By.id('mat-input-1')).sendKeys('789012');\nawait driver.findElement(By.className('login-button')).click();\nawait driver.sleep(1000)\nawait driver.findElement(By.id('mat-mdc-hint-0')).getText().then(function (text) {\n    text.should.include('Field EMAIL_IN is not a valid email');\n});\nawait driver.findElement(By.className('mat-mdc-snack-bar-container')).getText().then(function (text) {\n    text.should.include(\"Can't login, please check the fields\");\n});",
              "err": {},
              "uuid": "aacf6421-da88-4cea-a990-526f94d39da5",
              "parentUUID": "aec437eb-4b1f-4b9a-8328-6ec12aad28d7",
              "isHook": false,
              "skipped": false
            },
            {
              "title": "LOG06 - Login with an invalid email",
              "fullTitle": "Login LOG06 - Login with an invalid email",
              "timedOut": false,
              "duration": 1422,
              "state": "passed",
              "speed": "slow",
              "pass": true,
              "fail": false,
              "pending": false,
              "context": "[\n  \"A continuación imagen del resultado de la prueba.\",\n  \"./screenshots/login/LOG06 - Login with an invalid email.jpeg\"\n]",
              "code": "await driver.get(\"http://localhost:4200/login\");\nawait driver.findElement(By.id('mat-input-0')).sendKeys('adm@email.co');\nawait driver.findElement(By.id('mat-input-1')).sendKeys('789012');\nawait driver.findElement(By.className('login-button')).click();\nawait driver.sleep(1000)\nawait driver.findElement(By.id('mat-mdc-hint-0')).getText().then(function (text) {\n    text.should.include('Field EMAIL_IN is not a valid email');\n});\nawait driver.findElement(By.className('mat-mdc-snack-bar-container')).getText().then(function (text) {\n    text.should.include(\"Can't login, please check the fields\");\n});",
              "err": {},
              "uuid": "68faf106-6f2b-432a-9d33-5bf172141fe9",
              "parentUUID": "aec437eb-4b1f-4b9a-8328-6ec12aad28d7",
              "isHook": false,
              "skipped": false
            },
            {
              "title": "LOG07 - Login with an invalid email with special characters",
              "fullTitle": "Login LOG07 - Login with an invalid email with special characters",
              "timedOut": false,
              "duration": 1403,
              "state": "passed",
              "speed": "slow",
              "pass": true,
              "fail": false,
              "pending": false,
              "context": "[\n  \"A continuación imagen del resultado de la prueba.\",\n  \"./screenshots/login/LOG07 - Login with an invalid email with special characters.jpeg\"\n]",
              "code": "await driver.get(\"http://localhost:4200/login\");\nawait driver.findElement(By.id('mat-input-0')).sendKeys('!\"·$%&/()=?¿@email.com');\nawait driver.findElement(By.id('mat-input-1')).sendKeys('1234567890');\nawait driver.findElement(By.className('login-button')).click();\nawait driver.sleep(1000)\nawait driver.findElement(By.id('mat-mdc-hint-0')).getText().then(function (text) {\n    text.should.include('Field EMAIL_IN is not a valid email');\n});\nawait driver.findElement(By.className('mat-mdc-snack-bar-container')).getText().then(function (text) {\n    text.should.include(\"Can't login, please check the fields\");\n});",
              "err": {},
              "uuid": "67556b1f-b82f-48b7-a246-80339059831a",
              "parentUUID": "aec437eb-4b1f-4b9a-8328-6ec12aad28d7",
              "isHook": false,
              "skipped": false
            },
            {
              "title": "LOG08 - Password field empty",
              "fullTitle": "Login LOG08 - Password field empty",
              "timedOut": false,
              "duration": 1366,
              "state": "passed",
              "speed": "slow",
              "pass": true,
              "fail": false,
              "pending": false,
              "context": "[\n  \"A continuación imagen del resultado de la prueba.\",\n  \"./screenshots/login/LOG08 - Password field empty.jpeg\"\n]",
              "code": "await driver.get(\"http://localhost:4200/login\");\nawait driver.findElement(By.id('mat-input-0')).sendKeys('admin@email.com');\nawait driver.findElement(By.className('login-button')).click();\nawait driver.sleep(1000)\nawait driver.findElement(By.id('mat-mdc-hint-0')).getText().then(function (text) {\n    text.should.include('Field PASSWORD_IN is required');\n});\nawait driver.findElement(By.className('mat-mdc-snack-bar-container')).getText().then(function (text) {\n    text.should.include(\"Can't login, please check the fields\");\n});",
              "err": {},
              "uuid": "50ce3c54-b805-4971-8b72-722fd08926e3",
              "parentUUID": "aec437eb-4b1f-4b9a-8328-6ec12aad28d7",
              "isHook": false,
              "skipped": false
            },
            {
              "title": "LOG09 - Password underpassing the limit",
              "fullTitle": "Login LOG09 - Password underpassing the limit",
              "timedOut": false,
              "duration": 1408,
              "state": "passed",
              "speed": "slow",
              "pass": true,
              "fail": false,
              "pending": false,
              "context": "[\n  \"A continuación imagen del resultado de la prueba.\",\n  \"./screenshots/login/LOG09 - Password underpassing the limit.jpeg\"\n]",
              "code": "await driver.get(\"http://localhost:4200/login\");\nawait driver.findElement(By.id('mat-input-0')).sendKeys('admin@email.com');\nawait driver.findElement(By.id('mat-input-1')).sendKeys('1');\nawait driver.findElement(By.className('login-button')).click();\nawait driver.sleep(1000)\nawait driver.findElement(By.id('mat-mdc-hint-0')).getText().then(function (text) {\n    text.should.include('Field PASSWORD_IN must have at least 6 characters');\n});\nawait driver.findElement(By.className('mat-mdc-snack-bar-container')).getText().then(function (text) {\n    text.should.include(\"Can't login, please check the fields\");\n});",
              "err": {},
              "uuid": "9b0f49c4-457d-4a7a-9d25-d5ea3cf929d8",
              "parentUUID": "aec437eb-4b1f-4b9a-8328-6ec12aad28d7",
              "isHook": false,
              "skipped": false
            },
            {
              "title": "LOG10 - Password overpassing the limit",
              "fullTitle": "Login LOG10 - Password overpassing the limit",
              "timedOut": false,
              "duration": 1395,
              "state": "passed",
              "speed": "slow",
              "pass": true,
              "fail": false,
              "pending": false,
              "context": "[\n  \"A continuación imagen del resultado de la prueba.\",\n  \"./screenshots/login/LOG10 - Password overpassing the limit.jpeg\"\n]",
              "code": "await driver.get(\"http://localhost:4200/login\");\nawait driver.findElement(By.id('mat-input-0')).sendKeys('admin@email.com');\nawait driver.findElement(By.id('mat-input-1')).sendKeys('yHI436,?H!?iv3pQw:*PO');\nawait driver.findElement(By.className('login-button')).click();\nawait driver.sleep(1000)\nawait driver.findElement(By.id('mat-mdc-hint-0')).getText().then(function (text) {\n    text.should.include('Field PASSWORD_IN must have a maximum of 20 characters');\n});\nawait driver.findElement(By.className('mat-mdc-snack-bar-container')).getText().then(function (text) {\n    text.should.include(\"Can't login, please check the fields\");\n});",
              "err": {},
              "uuid": "7e7f9f1a-5917-4979-8fab-8cb827d8a51f",
              "parentUUID": "aec437eb-4b1f-4b9a-8328-6ec12aad28d7",
              "isHook": false,
              "skipped": false
            }
          ],
          "suites": [],
          "passes": [
            "50f957d5-4047-4ef2-bccb-23f8647a947e",
            "43661c05-ef62-4f28-b9f8-f8e8d0748a3d",
            "17cbc3bf-2d38-4c7e-a7a9-ccb22b9450a5",
            "d09a2bb6-952e-45eb-989e-b16563092636",
            "aacf6421-da88-4cea-a990-526f94d39da5",
            "68faf106-6f2b-432a-9d33-5bf172141fe9",
            "67556b1f-b82f-48b7-a246-80339059831a",
            "50ce3c54-b805-4971-8b72-722fd08926e3",
            "9b0f49c4-457d-4a7a-9d25-d5ea3cf929d8",
            "7e7f9f1a-5917-4979-8fab-8cb827d8a51f"
          ],
          "failures": [],
          "pending": [],
          "skipped": [],
          "duration": 19885,
          "root": false,
          "rootEmpty": false,
          "_timeout": 0
        },
        {
          "uuid": "b0336eab-09d6-4d9d-9556-061de3f44450",
          "title": "Create Role Permissions",
          "fullFile": "C:\\Users\\gohan\\Escritorio\\CAPSTONE\\WEB\\listify-test\\listify-tests\\test\\role-permissions\\create-role-permissions.spec.js",
          "file": "\\test\\role-permissions\\create-role-permissions.spec.js",
          "beforeHooks": [
            {
              "title": "\"before all\" hook in \"Create Role Permissions\"",
              "fullTitle": "Create Role Permissions \"before all\" hook in \"Create Role Permissions\"",
              "timedOut": false,
              "duration": 3009,
              "state": null,
              "speed": null,
              "pass": false,
              "fail": false,
              "pending": false,
              "context": null,
              "code": "await driver.get(\"http://localhost:4200/login\");\nawait driver.findElement(By.id(\"mat-input-0\")).sendKeys(\"ADMIN@EMAIL.COM\");\nawait driver.findElement(By.id(\"mat-input-1\")).sendKeys(\"789012\");\nawait driver.findElement(By.className(\"login-button\")).click();\nawait driver.sleep(1000);\nawait driver.get(\"http://localhost:4200/permission\");\nawait driver.findElement(By.className(\"create-user\")).click();\nawait driver.sleep(1000);",
              "err": {},
              "uuid": "b73ea250-7b0c-4f56-8045-3b6ccf379902",
              "parentUUID": "b0336eab-09d6-4d9d-9556-061de3f44450",
              "isHook": true,
              "skipped": false
            }
          ],
          "afterHooks": [
            {
              "title": "\"after all\" hook in \"Create Role Permissions\"",
              "fullTitle": "Create Role Permissions \"after all\" hook in \"Create Role Permissions\"",
              "timedOut": false,
              "duration": 0,
              "state": null,
              "speed": null,
              "pass": false,
              "fail": false,
              "pending": false,
              "context": null,
              "code": "driver.quit();",
              "err": {},
              "uuid": "acb5aed5-2e17-422f-961f-c40327b8fe97",
              "parentUUID": "b0336eab-09d6-4d9d-9556-061de3f44450",
              "isHook": true,
              "skipped": false
            },
            {
              "title": "\"after each\" hook in \"Create Role Permissions\"",
              "fullTitle": "Create Role Permissions \"after each\" hook in \"Create Role Permissions\"",
              "timedOut": false,
              "duration": 0,
              "state": null,
              "speed": null,
              "pass": false,
              "fail": false,
              "pending": false,
              "context": null,
              "code": "let imageFileName = this.currentTest.title + \".jpeg\";\ndriver.takeScreenshot().then(function (image) {\n    require(\"fs\").writeFileSync(\n    \"./mochawesome-report/screenshots/role-permissions/\" + imageFileName,\n    image,\n    \"base64\"\n    );\n});\naddContext(this, \"A continuación imagen del resultado de la prueba.\");\naddContext(this, \"./screenshots/role-permissions/\" + imageFileName);",
              "err": {},
              "uuid": "7adc24e5-932b-4b4e-8f38-0834ed0d66e0",
              "parentUUID": "b0336eab-09d6-4d9d-9556-061de3f44450",
              "isHook": true,
              "skipped": false
            }
          ],
          "tests": [
            {
              "title": "PRC01 - Permission role creation success",
              "fullTitle": "Create Role Permissions PRC01 - Permission role creation success",
              "timedOut": false,
              "duration": 9241,
              "state": "passed",
              "speed": "slow",
              "pass": true,
              "fail": false,
              "pending": false,
              "context": "[\n  \"A continuación imagen del resultado de la prueba.\",\n  \"./screenshots/role-permissions/PRC01 - Permission role creation success.jpeg\"\n]",
              "code": "await driver.findElement(By.id(\"mat-select-value-5\")).click();\nawait driver.sleep(3000);\nawait driver.findElement(By.id('mat-option-29')).click();\nawait driver.findElement(By.id(\"mat-select-value-7\")).click();\nawait driver.sleep(2000);\nawait driver.findElement(By.id('mat-option-26')).click();\nawait driver.sleep(2000);\nawait driver.findElement(By.className(\"main-button mdc-button mat-mdc-button mat-unthemed mat-mdc-button-base\")).click();\nawait driver.sleep(2000);\nawait driver.wait(until.elementLocated(By.className('success-snackbar')), 3000)\n.getText()\n.then(function(txt){\n    console.log(\"PRC01 - Resultado esperado: PermissionRole created successfully\")\n    console.log(\"PRC01 - Resultado obtenido: \" + txt);\n    txt.should.includes(\"PermissionRole created successfully\");\n});",
              "err": {},
              "uuid": "19725874-9db3-4496-a75c-7a52b7924c75",
              "parentUUID": "b0336eab-09d6-4d9d-9556-061de3f44450",
              "isHook": false,
              "skipped": false
            },
            {
              "title": "PRC02 - Create permission role lacks role",
              "fullTitle": "Create Role Permissions PRC02 - Create permission role lacks role",
              "timedOut": false,
              "duration": 2288,
              "state": "passed",
              "speed": "slow",
              "pass": true,
              "fail": false,
              "pending": false,
              "context": "[\n  \"A continuación imagen del resultado de la prueba.\",\n  \"./screenshots/role-permissions/PRC02 - Create permission role lacks role.jpeg\"\n]",
              "code": "await driver.get(\"http://localhost:4200/permission\");\nawait driver.findElement(By.className(\"create-user\")).click();\nawait driver.sleep(1000);\nawait driver.findElement(By.className(\"main-button mdc-button mat-mdc-button mat-unthemed mat-mdc-button-base\")).click();\nawait driver.sleep(1000);\nawait driver.findElement(By.id('mat-mdc-hint-0'))\n.getText()\n.then(function(txt){\n    console.log(\"PRC02 - Resultado esperado: Field ROLE_ID_IN is required\")\n    console.log(\"PRC02 - Resultado obtenido: \" + txt);\n    txt.should.includes(\"Field ROLE_ID_IN is required\");   \n});",
              "err": {},
              "uuid": "20e7003a-ec65-4f57-b3de-ee2d779525a4",
              "parentUUID": "b0336eab-09d6-4d9d-9556-061de3f44450",
              "isHook": false,
              "skipped": false
            },
            {
              "title": "PRC03 - Create permission role lacks permission",
              "fullTitle": "Create Role Permissions PRC03 - Create permission role lacks permission",
              "timedOut": false,
              "duration": 2288,
              "state": "passed",
              "speed": "slow",
              "pass": true,
              "fail": false,
              "pending": false,
              "context": "[\n  \"A continuación imagen del resultado de la prueba.\",\n  \"./screenshots/role-permissions/PRC03 - Create permission role lacks permission.jpeg\"\n]",
              "code": "await driver.get(\"http://localhost:4200/permission\");\nawait driver.findElement(By.className(\"create-user\")).click();\nawait driver.sleep(1000);\nawait driver.findElement(By.className(\"main-button mdc-button mat-mdc-button mat-unthemed mat-mdc-button-base\")).click();\nawait driver.sleep(1000);\nawait driver.findElement(By.id('mat-mdc-hint-1'))\n.getText()\n.then(function(txt){\n    console.log(\"PRC03 - Resultado esperado: Field PERMISSION_ID_IN is required\")\n    console.log(\"PRC03 - Resultado obtenido: \" + txt);\n    txt.should.includes(\"Field PERMISSION_ID_IN is required\");   \n});",
              "err": {},
              "uuid": "844c9121-ffae-4735-a318-309244074c69",
              "parentUUID": "b0336eab-09d6-4d9d-9556-061de3f44450",
              "isHook": false,
              "skipped": false
            },
            {
              "title": "PRC04 - Create permission role lacks parameters",
              "fullTitle": "Create Role Permissions PRC04 - Create permission role lacks parameters",
              "timedOut": false,
              "duration": 2288,
              "state": "passed",
              "speed": "slow",
              "pass": true,
              "fail": false,
              "pending": false,
              "context": "[\n  \"A continuación imagen del resultado de la prueba.\",\n  \"./screenshots/role-permissions/PRC04 - Create permission role lacks parameters.jpeg\"\n]",
              "code": "await driver.get(\"http://localhost:4200/permission\");\nawait driver.findElement(By.className(\"create-user\")).click();\nawait driver.sleep(1000);\nawait driver.findElement(By.className(\"main-button mdc-button mat-mdc-button mat-unthemed mat-mdc-button-base\")).click();\nawait driver.sleep(1000);\nconst roleHint = await driver.findElement(By.className(\"mat-mdc-form-field-hint mat-mdc-form-field-bottom-align hint ng-star-inserted\")).getText();\nconst permissionHint = await driver.findElement(By.id('mat-mdc-hint-1')).getText();\nconsole.log(\"PRC04 - Resultado esperado para PERMISSION_ID_IN: Field PERMISSION_ID_IN is required\");\nconsole.log(\"PRC04 - Resultado obtenido para PERMISSION_ID_IN: \" + permissionHint);\npermissionHint.should.includes(\"Field PERMISSION_ID_IN is required\");\n\nconsole.log(\"PRC04 - Resultado esperado para ROLE_ID_IN: Field ROLE_ID_IN is required\");\nconsole.log(\"PRC04 - Resultado obtenido para ROLE_ID_IN: \" + roleHint);\nroleHint.should.includes(\"Field ROLE_ID_IN is required\");",
              "err": {},
              "uuid": "21276333-3746-4b72-93dc-7da88210cd6d",
              "parentUUID": "b0336eab-09d6-4d9d-9556-061de3f44450",
              "isHook": false,
              "skipped": false
            },
            {
              "title": "PRC05 - Create an existing permission role",
              "fullTitle": "Create Role Permissions PRC05 - Create an existing permission role",
              "timedOut": false,
              "duration": 8386,
              "state": "passed",
              "speed": "slow",
              "pass": true,
              "fail": false,
              "pending": false,
              "context": "[\n  \"A continuación imagen del resultado de la prueba.\",\n  \"./screenshots/role-permissions/PRC05 - Create an existing permission role.jpeg\"\n]",
              "code": "await driver.get(\"http://localhost:4200/permission\");\nawait driver.findElement(By.className(\"create-user\")).click();\nawait driver.sleep(1000);\nawait driver.findElement(By.id(\"mat-select-value-5\")).click();\nawait driver.sleep(3000);\nawait driver.findElement(By.id('mat-option-29')).click();\nawait driver.findElement(By.id(\"mat-select-value-7\")).click();\nawait driver.sleep(2000);\nawait driver.findElement(By.id('mat-option-26')).click();\nawait driver.sleep(1000);\nawait driver.findElement(By.className(\"main-button mdc-button mat-mdc-button mat-unthemed mat-mdc-button-base\")).click();\nawait driver.sleep(1000);\nawait driver.wait(until.elementLocated(By.className('failure-snackbar')), 3000)\n.getText()\n.then(function(txt){\n    console.log(\"PRC05 - Resultado esperado: This role already has the entered permission\")\n    console.log(\"PRC05 - Resultado obtenido: \" + txt);\n    txt.should.includes('This role already has the entered permission');\n});",
              "err": {},
              "uuid": "ae1527a0-3be4-4e41-911c-d0ea5796230e",
              "parentUUID": "b0336eab-09d6-4d9d-9556-061de3f44450",
              "isHook": false,
              "skipped": false
            }
          ],
          "suites": [],
          "passes": [
            "19725874-9db3-4496-a75c-7a52b7924c75",
            "20e7003a-ec65-4f57-b3de-ee2d779525a4",
            "844c9121-ffae-4735-a318-309244074c69",
            "21276333-3746-4b72-93dc-7da88210cd6d",
            "ae1527a0-3be4-4e41-911c-d0ea5796230e"
          ],
          "failures": [],
          "pending": [],
          "skipped": [],
          "duration": 24491,
          "root": false,
          "rootEmpty": false,
          "_timeout": 0
        },
        {
          "uuid": "fb1eb9b2-d2f2-4945-9367-1e6effdfe9c1",
          "title": "Delete Role Permissions",
          "fullFile": "C:\\Users\\gohan\\Escritorio\\CAPSTONE\\WEB\\listify-test\\listify-tests\\test\\role-permissions\\delete-role-permission.spec.js",
          "file": "\\test\\role-permissions\\delete-role-permission.spec.js",
          "beforeHooks": [
            {
              "title": "\"before all\" hook in \"Delete Role Permissions\"",
              "fullTitle": "Delete Role Permissions \"before all\" hook in \"Delete Role Permissions\"",
              "timedOut": false,
              "duration": 2792,
              "state": null,
              "speed": null,
              "pass": false,
              "fail": false,
              "pending": false,
              "context": null,
              "code": "await driver.get(\"http://localhost:4200/login\");\nawait driver.findElement(By.id(\"mat-input-0\")).sendKeys(\"ADMIN@EMAIL.COM\");\nawait driver.findElement(By.id(\"mat-input-1\")).sendKeys(\"789012\");\nawait driver.findElement(By.className(\"login-button\")).click();\nawait driver.sleep(1000);\nawait driver.get(\"http://localhost:4200/permission\");\nawait driver.sleep(1000);",
              "err": {},
              "uuid": "c0124c92-725d-47c4-96b8-6f5c9420ca16",
              "parentUUID": "fb1eb9b2-d2f2-4945-9367-1e6effdfe9c1",
              "isHook": true,
              "skipped": false
            }
          ],
          "afterHooks": [
            {
              "title": "\"after all\" hook in \"Delete Role Permissions\"",
              "fullTitle": "Delete Role Permissions \"after all\" hook in \"Delete Role Permissions\"",
              "timedOut": false,
              "duration": 0,
              "state": null,
              "speed": null,
              "pass": false,
              "fail": false,
              "pending": false,
              "context": null,
              "code": "driver.quit();",
              "err": {},
              "uuid": "a01a26dd-ab46-4759-8cd0-ae880ed7fac7",
              "parentUUID": "fb1eb9b2-d2f2-4945-9367-1e6effdfe9c1",
              "isHook": true,
              "skipped": false
            },
            {
              "title": "\"after each\" hook in \"Delete Role Permissions\"",
              "fullTitle": "Delete Role Permissions \"after each\" hook in \"Delete Role Permissions\"",
              "timedOut": false,
              "duration": 0,
              "state": null,
              "speed": null,
              "pass": false,
              "fail": false,
              "pending": false,
              "context": null,
              "code": "let imageFileName = this.currentTest.title + \".jpeg\";\ndriver.takeScreenshot().then(function (image) {\n    require(\"fs\").writeFileSync(\n    \"./mochawesome-report/screenshots/role-permissions/\" + imageFileName,\n    image,\n    \"base64\");\n});\naddContext(this, \"A continuación imagen del resultado de la prueba.\");\naddContext(this, \"./screenshots/role-permissions/\" + imageFileName);",
              "err": {},
              "uuid": "fe70a621-c82e-45a9-8f11-3695e5f883ea",
              "parentUUID": "fb1eb9b2-d2f2-4945-9367-1e6effdfe9c1",
              "isHook": true,
              "skipped": false
            }
          ],
          "tests": [
            {
              "title": "PRD01 - Permission role deletion success",
              "fullTitle": "Delete Role Permissions PRD01 - Permission role deletion success",
              "timedOut": false,
              "duration": 4190,
              "state": "passed",
              "speed": "slow",
              "pass": true,
              "fail": false,
              "pending": false,
              "context": "[\n  \"A continuación imagen del resultado de la prueba.\",\n  \"./screenshots/role-permissions/PRD01 - Permission role deletion success.jpeg\"\n]",
              "code": "await driver.findElement(By.id('mat-select-value-1')).click();\nawait driver.sleep(1000);\nawait driver.findElement(By.id('mat-option-4')).click();\nawait driver.sleep(1000);\nawait driver.findElement(By.className(\"mat-icon notranslate user-delete-btn material-icons mat-ligature-font mat-icon-no-color\")).click();\nawait driver.sleep(1000);\nawait driver.findElement(By.className(\"confirm-main-button\")).click();\nawait driver.sleep(1000);\nawait driver.wait(until.elementLocated(By.className('mat-mdc-snack-bar-container')), 3000)\n.getText()\n.then(function(txt){\n    console.log(\"PRD01 - Resultado esperado: Permission role successfully deleted.\")\n    console.log(\"PRD01 - Resultado obtenido: \" + txt);\n    txt.should.includes(\"Permission role successfully deleted.\");\n});",
              "err": {},
              "uuid": "0f1b7ca2-01c7-4f33-91fc-d529a7c3f04e",
              "parentUUID": "fb1eb9b2-d2f2-4945-9367-1e6effdfe9c1",
              "isHook": false,
              "skipped": false
            }
          ],
          "suites": [],
          "passes": [
            "0f1b7ca2-01c7-4f33-91fc-d529a7c3f04e"
          ],
          "failures": [],
          "pending": [],
          "skipped": [],
          "duration": 4190,
          "root": false,
          "rootEmpty": false,
          "_timeout": 0
        },
        {
          "uuid": "2709d2c4-5054-46bc-8496-bdf73b5b5ede",
          "title": "Create Role",
          "fullFile": "C:\\Users\\gohan\\Escritorio\\CAPSTONE\\WEB\\listify-test\\listify-tests\\test\\roles\\create-role.spec.js",
          "file": "\\test\\roles\\create-role.spec.js",
          "beforeHooks": [
            {
              "title": "\"before all\" hook in \"Create Role\"",
              "fullTitle": "Create Role \"before all\" hook in \"Create Role\"",
              "timedOut": false,
              "duration": 6861,
              "state": null,
              "speed": null,
              "pass": false,
              "fail": false,
              "pending": false,
              "context": null,
              "code": "await driver.get(\"http://localhost:4200/login\");\nawait driver.findElement(By.id(\"mat-input-0\")).sendKeys(\"ADMIN@EMAIL.COM\");\nawait driver.findElement(By.id(\"mat-input-1\")).sendKeys(\"789012\");\nawait driver.findElement(By.className(\"login-button\")).click();\nawait driver.sleep(4000);\nawait driver.get(\"http://localhost:4200/role\");\nawait driver.findElement(By.className(\"create-user\")).click();\nawait driver.sleep(2000);",
              "err": {},
              "uuid": "f8f2ca3d-483b-4881-91be-93407aaae900",
              "parentUUID": "2709d2c4-5054-46bc-8496-bdf73b5b5ede",
              "isHook": true,
              "skipped": false
            }
          ],
          "afterHooks": [
            {
              "title": "\"after all\" hook in \"Create Role\"",
              "fullTitle": "Create Role \"after all\" hook in \"Create Role\"",
              "timedOut": false,
              "duration": 0,
              "state": null,
              "speed": null,
              "pass": false,
              "fail": false,
              "pending": false,
              "context": null,
              "code": "driver.quit();",
              "err": {},
              "uuid": "f72c9ae7-e54c-49c1-b20c-92f2bfb578ed",
              "parentUUID": "2709d2c4-5054-46bc-8496-bdf73b5b5ede",
              "isHook": true,
              "skipped": false
            },
            {
              "title": "\"after each\" hook in \"Create Role\"",
              "fullTitle": "Create Role \"after each\" hook in \"Create Role\"",
              "timedOut": false,
              "duration": 0,
              "state": null,
              "speed": null,
              "pass": false,
              "fail": false,
              "pending": false,
              "context": null,
              "code": "let imageFileName = this.currentTest.title + \".jpeg\";\ndriver.takeScreenshot().then(function (image) {\n    require(\"fs\").writeFileSync(\n    \"./mochawesome-report/screenshots/role/\" + imageFileName,\n    image,\n    \"base64\"\n    );\n});\naddContext(this, \"A continuación imagen del resultado de la prueba.\");\naddContext(this, \"./screenshots/role/\" + imageFileName);",
              "err": {},
              "uuid": "b683889f-419e-416a-a7e7-81289c5b744a",
              "parentUUID": "2709d2c4-5054-46bc-8496-bdf73b5b5ede",
              "isHook": true,
              "skipped": false
            }
          ],
          "tests": [
            {
              "title": "RC01 - Role creation success",
              "fullTitle": "Create Role RC01 - Role creation success",
              "timedOut": false,
              "duration": 4172,
              "state": "passed",
              "speed": "slow",
              "pass": true,
              "fail": false,
              "pending": false,
              "context": "[\n  \"A continuación imagen del resultado de la prueba.\",\n  \"./screenshots/role/RC01 - Role creation success.jpeg\"\n]",
              "code": "await driver.findElement(By.id(\"mat-input-1\")).sendKeys(\"ROLE_DUMMY_2\");\nawait driver.sleep(1000);\nawait driver.findElement(By.id(\"mat-input-2\")).sendKeys(\"Dummyrole2\");\nawait driver.sleep(1000);\nawait driver.findElement(By.className(\"main-button mdc-button mat-mdc-button mat-unthemed mat-mdc-button-base\")).click();\nawait driver.sleep(2000);\nawait driver.wait(until.elementLocated(By.className(\"success-snackbar\")), 3000).getText()\n.then(function(txt){\n    console.log(\"RC01 - Resultado esperado: Role created successfully\")\n    console.log(\"RC01 - Resultado obtenido: \" + txt);\n    txt.should.includes(\"Role created successfully\");\n});",
              "err": {},
              "uuid": "a94a9de9-09ea-4366-88c5-b1cb5510f64b",
              "parentUUID": "2709d2c4-5054-46bc-8496-bdf73b5b5ede",
              "isHook": false,
              "skipped": false
            },
            {
              "title": "RC02 - Role creation lacks name",
              "fullTitle": "Create Role RC02 - Role creation lacks name",
              "timedOut": false,
              "duration": 5366,
              "state": "passed",
              "speed": "slow",
              "pass": true,
              "fail": false,
              "pending": false,
              "context": "[\n  \"A continuación imagen del resultado de la prueba.\",\n  \"./screenshots/role/RC02 - Role creation lacks name.jpeg\"\n]",
              "code": "await driver.get(\"http://localhost:4200/role\");\nawait driver.findElement(By.className(\"create-user\")).click();\nawait driver.sleep(1000);\nawait driver.findElement(By.id(\"mat-input-1\")).sendKeys(\"\");\nawait driver.sleep(1000);\nawait driver.findElement(By.id(\"mat-input-2\")).sendKeys(\"Dummyrole3\");\nawait driver.sleep(1000);\nawait driver.findElement(By.className(\"main-button mdc-button mat-mdc-button mat-unthemed mat-mdc-button-base\")).click();\nawait driver.sleep(2000);\nawait driver.wait(until.elementLocated(By.id(\"mat-mdc-hint-0\")), 3000)\n.getText()\n.then(function(txt){\n    console.log(\"RC02 - Resultado esperado: Field ROLE_NAME_IN is required\")\n    console.log(\"RC02 - Resultado obtenido: \" + txt);\n    txt.should.includes(\"Field ROLE_NAME_IN is required\");\n});",
              "err": {},
              "uuid": "d367f5b0-2f3f-4234-8a2c-d2d4380945d2",
              "parentUUID": "2709d2c4-5054-46bc-8496-bdf73b5b5ede",
              "isHook": false,
              "skipped": false
            },
            {
              "title": "RC03 - Role creation lacks description",
              "fullTitle": "Create Role RC03 - Role creation lacks description",
              "timedOut": false,
              "duration": 6364,
              "state": "passed",
              "speed": "slow",
              "pass": true,
              "fail": false,
              "pending": false,
              "context": "[\n  \"A continuación imagen del resultado de la prueba.\",\n  \"./screenshots/role/RC03 - Role creation lacks description.jpeg\"\n]",
              "code": "await driver.get(\"http://localhost:4200/role\");\nawait driver.sleep(1000);\nawait driver.findElement(By.className(\"create-user\")).click();\nawait driver.sleep(1000);\nawait driver.findElement(By.id(\"mat-input-1\")).sendKeys(\"ROLE_DUMMY_4\");\nawait driver.sleep(1000);\nawait driver.findElement(By.id(\"mat-input-2\")).sendKeys(\"\");\nawait driver.sleep(1000);\nawait driver.findElement(By.className(\"main-button mdc-button mat-mdc-button mat-unthemed mat-mdc-button-base\")).click();\nawait driver.sleep(2000);\nawait driver.wait(until.elementLocated(By.id(\"mat-mdc-hint-0\")), 3000)\n.getText()\n.then(function(txt){\n    console.log(\"RC03 - Resultado esperado: Field ROLE_DESCRIPTION_IN is required\")\n    console.log(\"RC03 - Resultado obtenido: \" + txt);\n    txt.should.includes(\"Field ROLE_DESCRIPTION_IN is required\");\n});",
              "err": {},
              "uuid": "2b32da02-9549-453d-bb63-f45655b083e5",
              "parentUUID": "2709d2c4-5054-46bc-8496-bdf73b5b5ede",
              "isHook": false,
              "skipped": false
            },
            {
              "title": "RC04 - Role creation lacks parameters",
              "fullTitle": "Create Role RC04 - Role creation lacks parameters",
              "timedOut": false,
              "duration": 4291,
              "state": "passed",
              "speed": "slow",
              "pass": true,
              "fail": false,
              "pending": false,
              "context": "[\n  \"A continuación imagen del resultado de la prueba.\",\n  \"./screenshots/role/RC04 - Role creation lacks parameters.jpeg\"\n]",
              "code": "await driver.get(\"http://localhost:4200/role\");\nawait driver.sleep(1000);\nawait driver.findElement(By.className(\"create-user\")).click();\nawait driver.sleep(1000);\nawait driver.findElement(By.className(\"main-button mdc-button mat-mdc-button mat-unthemed mat-mdc-button-base\")).click();\nawait driver.sleep(2000);\nconst nameHint = await driver.findElement(By.id(\"mat-mdc-hint-0\")).getText();\nconst descriptionHint = await driver.findElement(By.id(\"mat-mdc-hint-1\")).getText();\nconsole.log(\"RC04 - Resultado esperado: Field ROLE_NAME_IN is required\")\nconsole.log(\"RC04 - Resultado obtenido: \" + nameHint);\nnameHint.should.includes(\"Field ROLE_NAME_IN is required\");\nconsole.log(\"RC04 - Resultado esperado: Field ROLE_DESCRIPTION_IN is required\")\nconsole.log(\"RC04 - Resultado obtenido: \" + descriptionHint);\ndescriptionHint.should.includes(\"Field ROLE_DESCRIPTION_IN is required\");",
              "err": {},
              "uuid": "ae1c2057-7364-4b79-bafc-25f541e8f6ab",
              "parentUUID": "2709d2c4-5054-46bc-8496-bdf73b5b5ede",
              "isHook": false,
              "skipped": false
            },
            {
              "title": "RC05 - Create role only with 2 letters in role name",
              "fullTitle": "Create Role RC05 - Create role only with 2 letters in role name",
              "timedOut": false,
              "duration": 5358,
              "state": "passed",
              "speed": "slow",
              "pass": true,
              "fail": false,
              "pending": false,
              "context": "[\n  \"A continuación imagen del resultado de la prueba.\",\n  \"./screenshots/role/RC05 - Create role only with 2 letters in role name.jpeg\"\n]",
              "code": "await driver.get(\"http://localhost:4200/role\");\nawait driver.findElement(By.className(\"create-user\")).click();\nawait driver.sleep(1000);\nawait driver.findElement(By.id(\"mat-input-1\")).sendKeys(\"RO\");\nawait driver.sleep(1000);\nawait driver.findElement(By.id(\"mat-input-2\")).sendKeys(\"Dummyrole3\");\nawait driver.sleep(1000);\nawait driver.findElement(By.className(\"main-button mdc-button mat-mdc-button mat-unthemed mat-mdc-button-base\")).click();\nawait driver.sleep(2000);\nawait driver.wait(until.elementLocated(By.id(\"mat-mdc-hint-0\")), 3000)\n.getText()\n.then(function(txt){\n    console.log(\"RC05 - Resultado esperado: Field ROLE_NAME_IN must have at least 3 characters\")\n    console.log(\"RC05 - Resultado obtenido: \" + txt);\n    txt.should.includes(\"Field ROLE_NAME_IN must have at least 3 characters\");\n});",
              "err": {},
              "uuid": "97892090-45fd-43ab-af94-e068b0620813",
              "parentUUID": "2709d2c4-5054-46bc-8496-bdf73b5b5ede",
              "isHook": false,
              "skipped": false
            },
            {
              "title": "RC06 - Create role only with 2 letters in role description",
              "fullTitle": "Create Role RC06 - Create role only with 2 letters in role description",
              "timedOut": false,
              "duration": 5393,
              "state": "passed",
              "speed": "slow",
              "pass": true,
              "fail": false,
              "pending": false,
              "context": "[\n  \"A continuación imagen del resultado de la prueba.\",\n  \"./screenshots/role/RC06 - Create role only with 2 letters in role description.jpeg\"\n]",
              "code": "await driver.get(\"http://localhost:4200/role\");\nawait driver.findElement(By.className(\"create-user\")).click();\nawait driver.sleep(1000);\nawait driver.findElement(By.id(\"mat-input-1\")).sendKeys(\"Dummy_role_4\");\nawait driver.sleep(1000);\nawait driver.findElement(By.id(\"mat-input-2\")).sendKeys(\"ro\");\nawait driver.sleep(1000);\nawait driver.findElement(By.className(\"main-button mdc-button mat-mdc-button mat-unthemed mat-mdc-button-base\")).click();\nawait driver.sleep(2000);\nawait driver.wait(until.elementLocated(By.id(\"mat-mdc-hint-0\")), 3000)\n.getText()\n.then(function(txt){\n    console.log(\"RC06 - Resultado esperado: Field ROLE_DESCRIPTION_IN must have at least 3 characters\")\n    console.log(\"RC06 - Resultado obtenido: \" + txt);\n    txt.should.includes(\"Field ROLE_DESCRIPTION_IN must have at least 3 characters\");\n});",
              "err": {},
              "uuid": "332b0393-578e-4627-8a49-9e5fde9b57f1",
              "parentUUID": "2709d2c4-5054-46bc-8496-bdf73b5b5ede",
              "isHook": false,
              "skipped": false
            },
            {
              "title": "RC07 - Create role with 51 letters in role name",
              "fullTitle": "Create Role RC07 - Create role with 51 letters in role name",
              "timedOut": false,
              "duration": 5455,
              "state": "passed",
              "speed": "slow",
              "pass": true,
              "fail": false,
              "pending": false,
              "context": "[\n  \"A continuación imagen del resultado de la prueba.\",\n  \"./screenshots/role/RC07 - Create role with 51 letters in role name.jpeg\"\n]",
              "code": "await driver.get(\"http://localhost:4200/role\");\nawait driver.findElement(By.className(\"create-user\")).click();\nawait driver.sleep(1000);\nawait driver.findElement(By.id(\"mat-input-1\")).sendKeys(\"ROLE_DUMMY_4ROLE_DUMMY_4ROLE_DUMMY_4ROLE_DUMMY_4ROLE_DUMMY_4\");\nawait driver.sleep(1000);\nawait driver.findElement(By.id(\"mat-input-2\")).sendKeys(\"Dummyrole3\");\nawait driver.sleep(1000);\nawait driver.findElement(By.className(\"main-button mdc-button mat-mdc-button mat-unthemed mat-mdc-button-base\")).click();\nawait driver.sleep(2000);\nawait driver.wait(until.elementLocated(By.id(\"mat-mdc-hint-0\")), 3000)\n.getText()\n.then(function(txt){\n    console.log(\"RC07 - Resultado esperado: Field ROLE_NAME_IN must have a maximum of 50 characters \")\n    console.log(\"RC07 - Resultado obtenido: \" + txt);\n    txt.should.includes(\"Field ROLE_NAME_IN must have a maximum of 50 characters\");\n});",
              "err": {},
              "uuid": "7fc9c1e3-90b2-4dca-baf3-75788d7c321a",
              "parentUUID": "2709d2c4-5054-46bc-8496-bdf73b5b5ede",
              "isHook": false,
              "skipped": false
            },
            {
              "title": "RC08 - Create role with 256 letters in role description",
              "fullTitle": "Create Role RC08 - Create role with 256 letters in role description",
              "timedOut": false,
              "duration": 5646,
              "state": "passed",
              "speed": "slow",
              "pass": true,
              "fail": false,
              "pending": false,
              "context": "[\n  \"A continuación imagen del resultado de la prueba.\",\n  \"./screenshots/role/RC08 - Create role with 256 letters in role description.jpeg\"\n]",
              "code": "await driver.get(\"http://localhost:4200/role\");\nawait driver.findElement(By.className(\"create-user\")).click();\nawait driver.sleep(1000);\nawait driver.findElement(By.id(\"mat-input-1\")).sendKeys(\"Dummy_role_4\");\nawait driver.sleep(1000);\nawait driver.findElement(By.id(\"mat-input-2\"))\n.sendKeys(\"aaaaaaaaaaaaaaaaaaaaaaaaaaaaaaaaaaaaaaaaaaaaaaaaaaaaaaaaaaaaaaaaaaaaaaaaaaaaaaaaaaaaaaaaaaaaaaaaaaaaaaaaaaaaaaaaaaaaaaaaaaaaaaaaaaaaaaaaaaaaaaaaaaaaaaaaaaaaaaaaaaaaaaaaaaaaaaaaaaaaaaaaaaaaaaaaaaaaaaaaaaaaaaaaaaaaaaaaaaaaaaaaaaaaaaaaaaaaaaaaaaaaaaaaaaaaaaaa\");\nawait driver.sleep(1000);\nawait driver.findElement(By.className(\"main-button mdc-button mat-mdc-button mat-unthemed mat-mdc-button-base\")).click();\nawait driver.sleep(2000);\nawait driver.wait(until.elementLocated(By.id(\"mat-mdc-hint-0\")), 3000)\n.getText()\n.then(function(txt){\n    console.log(\"RC08 - Resultado esperado: Field ROLE_DESCRIPTION_IN must have a maximum of 255 characters\")\n    console.log(\"RC08 - Resultado obtenido: \" + txt);\n    txt.should.includes(\"Field ROLE_DESCRIPTION_IN must have a maximum of 255 characters\");\n});",
              "err": {},
              "uuid": "10f73ab6-e2b4-4c26-9055-66a3e21cecba",
              "parentUUID": "2709d2c4-5054-46bc-8496-bdf73b5b5ede",
              "isHook": false,
              "skipped": false
            },
            {
              "title": "RC09 - Create role with an existing role name",
              "fullTitle": "Create Role RC09 - Create role with an existing role name",
              "timedOut": false,
              "duration": 5433,
              "state": "passed",
              "speed": "slow",
              "pass": true,
              "fail": false,
              "pending": false,
              "context": "[\n  \"A continuación imagen del resultado de la prueba.\",\n  \"./screenshots/role/RC09 - Create role with an existing role name.jpeg\"\n]",
              "code": "await driver.get(\"http://localhost:4200/role\");\nawait driver.findElement(By.className(\"create-user\")).click();\nawait driver.sleep(1000);\nawait driver.findElement(By.id(\"mat-input-1\")).sendKeys(\"Role_dummy_1\");\nawait driver.sleep(1000);\nawait driver.findElement(By.id(\"mat-input-2\")).sendKeys(\"Dummyrole3\");\nawait driver.sleep(1000);\nawait driver.findElement(By.className(\"main-button mdc-button mat-mdc-button mat-unthemed mat-mdc-button-base\")).click();\nawait driver.sleep(2000);\nawait driver.wait(until.elementLocated(By.className(\"failure-snackbar\")), 3000)\n.getText()\n.then(function(txt){\n    console.log(\"RC09 - Resultado esperado: The role name already exists\")\n    console.log(\"RC09 - Resultado obtenido: \" + txt);\n    txt.should.includes(\"The role name already exists\");\n});",
              "err": {},
              "uuid": "8dc3c374-9d04-4895-b67e-7b5bd77f23f1",
              "parentUUID": "2709d2c4-5054-46bc-8496-bdf73b5b5ede",
              "isHook": false,
              "skipped": false
            }
          ],
          "suites": [],
          "passes": [
            "a94a9de9-09ea-4366-88c5-b1cb5510f64b",
            "d367f5b0-2f3f-4234-8a2c-d2d4380945d2",
            "2b32da02-9549-453d-bb63-f45655b083e5",
            "ae1c2057-7364-4b79-bafc-25f541e8f6ab",
            "97892090-45fd-43ab-af94-e068b0620813",
            "332b0393-578e-4627-8a49-9e5fde9b57f1",
            "7fc9c1e3-90b2-4dca-baf3-75788d7c321a",
            "10f73ab6-e2b4-4c26-9055-66a3e21cecba",
            "8dc3c374-9d04-4895-b67e-7b5bd77f23f1"
          ],
          "failures": [],
          "pending": [],
          "skipped": [],
          "duration": 47478,
          "root": false,
          "rootEmpty": false,
          "_timeout": 0
        },
        {
          "uuid": "8a5d2fac-5cd6-4102-8f63-f7d27086df30",
          "title": "Delete Role",
          "fullFile": "C:\\Users\\gohan\\Escritorio\\CAPSTONE\\WEB\\listify-test\\listify-tests\\test\\roles\\delete-role.spec.js",
          "file": "\\test\\roles\\delete-role.spec.js",
          "beforeHooks": [
            {
              "title": "\"before all\" hook in \"Delete Role\"",
              "fullTitle": "Delete Role \"before all\" hook in \"Delete Role\"",
              "timedOut": false,
              "duration": 6709,
              "state": null,
              "speed": null,
              "pass": false,
              "fail": false,
              "pending": false,
              "context": null,
              "code": "await driver.get(\"http://localhost:4200/login\");\nawait driver.findElement(By.id(\"mat-input-0\")).sendKeys(\"ADMIN@EMAIL.COM\");\nawait driver.findElement(By.id(\"mat-input-1\")).sendKeys(\"789012\");\nawait driver.findElement(By.className(\"login-button\")).click();\nawait driver.sleep(4000);\nawait driver.get(\"http://localhost:4200/role\");\nawait driver.sleep(2000);",
              "err": {},
              "uuid": "e37ca491-4d61-4c10-b7f4-dc87bf98d09b",
              "parentUUID": "8a5d2fac-5cd6-4102-8f63-f7d27086df30",
              "isHook": true,
              "skipped": false
            }
          ],
          "afterHooks": [
            {
              "title": "\"after all\" hook in \"Delete Role\"",
              "fullTitle": "Delete Role \"after all\" hook in \"Delete Role\"",
              "timedOut": false,
              "duration": 0,
              "state": null,
              "speed": null,
              "pass": false,
              "fail": false,
              "pending": false,
              "context": null,
              "code": "driver.quit();",
              "err": {},
              "uuid": "4810be1a-9f18-4892-a8ec-2bba56d5b8eb",
              "parentUUID": "8a5d2fac-5cd6-4102-8f63-f7d27086df30",
              "isHook": true,
              "skipped": false
            },
            {
              "title": "\"after each\" hook in \"Delete Role\"",
              "fullTitle": "Delete Role \"after each\" hook in \"Delete Role\"",
              "timedOut": false,
              "duration": 0,
              "state": null,
              "speed": null,
              "pass": false,
              "fail": false,
              "pending": false,
              "context": null,
              "code": "let imageFileName = this.currentTest.title + \".jpeg\";\ndriver.takeScreenshot().then(function (image) {\n    require(\"fs\").writeFileSync(\n    \"./mochawesome-report/screenshots/role/\" + imageFileName,\n    image,\n    \"base64\"\n    );\n});\naddContext(this, \"A continuación imagen del resultado de la prueba.\");\naddContext(this, \"./screenshots/role/\" + imageFileName);",
              "err": {},
              "uuid": "87753a60-60ad-47e2-bfc4-920ee22b0783",
              "parentUUID": "8a5d2fac-5cd6-4102-8f63-f7d27086df30",
              "isHook": true,
              "skipped": false
            }
          ],
          "tests": [
            {
              "title": "RD01 - Delete a role sucess",
              "fullTitle": "Delete Role RD01 - Delete a role sucess",
              "timedOut": false,
              "duration": 3114,
              "state": "passed",
              "speed": "slow",
              "pass": true,
              "fail": false,
              "pending": false,
              "context": "[\n  \"A continuación imagen del resultado de la prueba.\",\n  \"./screenshots/role/RD01 - Delete a role sucess.jpeg\"\n]",
              "code": "const roleId = 3;\nconst deleteButtonSelector = `#delete-column-td${roleId} .trashcan-btn`;\nawait driver.wait(until.elementLocated(By.css(deleteButtonSelector)), 5000);\nconst deleteButton = await driver.findElement(By.css(deleteButtonSelector));\nawait deleteButton.click();\nawait driver.sleep(2000);\nawait driver.findElement(By.className(\"confirm-main-button\")).click();\nawait driver.sleep(1000);\nawait driver.wait(until.elementLocated(By.className('success-snackbar')), 3000)\n.getText()\n.then(function(txt){\n    console.log(\"RD01 - Resultado esperado: Role successfully deleted.\")\n    console.log(\"RD01 - Resultado obtenido: \" + txt);\n    txt.should.includes(\"Role successfully deleted.\");\n});",
              "err": {},
              "uuid": "04bc98eb-6e03-4521-98d5-6034fcc95415",
              "parentUUID": "8a5d2fac-5cd6-4102-8f63-f7d27086df30",
              "isHook": false,
              "skipped": false
            },
            {
              "title": "RD02 - Delete role Admin",
              "fullTitle": "Delete Role RD02 - Delete role Admin",
              "timedOut": false,
              "duration": 4276,
              "state": "passed",
              "speed": "slow",
              "pass": true,
              "fail": false,
              "pending": false,
              "context": "[\n  \"A continuación imagen del resultado de la prueba.\",\n  \"./screenshots/role/RD02 - Delete role Admin.jpeg\"\n]",
              "code": "await driver.get(\"http://localhost:4200/role\");\nawait driver.sleep(1000);\nawait driver.findElement(By.css('#delete-column-td1 .trashcan-btn')).click();\nawait driver.sleep(2000);\nawait driver.findElement(By.className(\"confirm-main-button\")).click();\nawait driver.sleep(1000);\nawait driver.wait(until.elementLocated(By.className('failure-snackbar')), 3000)\n.getText()\n.then(function(txt){\n    console.log(\"RD02 - Resultado esperado: Roles with ID 1 and 2 cannot be deleted\")\n    console.log(\"RD02 - Resultado obtenido: \" + txt);\n    txt.should.includes(\"Roles with ID 1 and 2 cannot be deleted\");\n});",
              "err": {},
              "uuid": "f8dacdc5-ff12-41e1-b39a-09df253a7e6a",
              "parentUUID": "8a5d2fac-5cd6-4102-8f63-f7d27086df30",
              "isHook": false,
              "skipped": false
            },
            {
              "title": "RD03 Delete role Player",
              "fullTitle": "Delete Role RD03 Delete role Player",
              "timedOut": false,
              "duration": 4282,
              "state": "passed",
              "speed": "slow",
              "pass": true,
              "fail": false,
              "pending": false,
              "context": "[\n  \"A continuación imagen del resultado de la prueba.\",\n  \"./screenshots/role/RD03 Delete role Player.jpeg\"\n]",
              "code": "await driver.get(\"http://localhost:4200/role\");\nawait driver.sleep(1000);\nawait driver.findElement(By.css('#delete-column-td2 .trashcan-btn')).click();\nawait driver.sleep(2000);\nawait driver.findElement(By.className(\"confirm-main-button\")).click();\nawait driver.sleep(1000);\nawait driver.wait(until.elementLocated(By.className('failure-snackbar')), 3000)\n.getText()\n.then(function(txt){\n    console.log(\"RD03 - Resultado esperado: Roles with ID 1 and 2 cannot be deleted\")\n    console.log(\"RD03 - Resultado obtenido: \" + txt);\n    txt.should.includes(\"Roles with ID 1 and 2 cannot be deleted\");\n});",
              "err": {},
              "uuid": "73ffe224-f663-48ff-a93d-a249c7d28b9c",
              "parentUUID": "8a5d2fac-5cd6-4102-8f63-f7d27086df30",
              "isHook": false,
              "skipped": false
            }
          ],
          "suites": [],
          "passes": [
            "04bc98eb-6e03-4521-98d5-6034fcc95415",
            "f8dacdc5-ff12-41e1-b39a-09df253a7e6a",
            "73ffe224-f663-48ff-a93d-a249c7d28b9c"
          ],
          "failures": [],
          "pending": [],
          "skipped": [],
          "duration": 11672,
          "root": false,
          "rootEmpty": false,
          "_timeout": 0
        },
        {
          "uuid": "81bdf4f9-25a8-4725-abc0-571d435ff883",
          "title": "Update Role",
          "fullFile": "C:\\Users\\gohan\\Escritorio\\CAPSTONE\\WEB\\listify-test\\listify-tests\\test\\roles\\update-role.spec.js",
          "file": "\\test\\roles\\update-role.spec.js",
          "beforeHooks": [
            {
              "title": "\"before all\" hook in \"Update Role\"",
              "fullTitle": "Update Role \"before all\" hook in \"Update Role\"",
              "timedOut": false,
              "duration": 6861,
              "state": null,
              "speed": null,
              "pass": false,
              "fail": false,
              "pending": false,
              "context": null,
              "code": "await driver.get(\"http://localhost:4200/login\");\nawait driver.findElement(By.id(\"mat-input-0\")).sendKeys(\"ADMIN@EMAIL.COM\");\nawait driver.findElement(By.id(\"mat-input-1\")).sendKeys(\"789012\");\nawait driver.findElement(By.className(\"login-button\")).click();\nawait driver.sleep(4000);\nawait driver.get(\"http://localhost:4200/role\");\nawait driver.sleep(2000);",
              "err": {},
              "uuid": "12f72daf-3a0e-4fc1-96cf-788492993a54",
              "parentUUID": "81bdf4f9-25a8-4725-abc0-571d435ff883",
              "isHook": true,
              "skipped": false
            }
          ],
          "afterHooks": [
            {
              "title": "\"after all\" hook in \"Update Role\"",
              "fullTitle": "Update Role \"after all\" hook in \"Update Role\"",
              "timedOut": false,
              "duration": 0,
              "state": null,
              "speed": null,
              "pass": false,
              "fail": false,
              "pending": false,
              "context": null,
              "code": "driver.quit();",
              "err": {},
              "uuid": "c54db37c-4058-4738-a17b-63af786589b1",
              "parentUUID": "81bdf4f9-25a8-4725-abc0-571d435ff883",
              "isHook": true,
              "skipped": false
            },
            {
              "title": "\"after each\" hook in \"Update Role\"",
              "fullTitle": "Update Role \"after each\" hook in \"Update Role\"",
              "timedOut": false,
              "duration": 0,
              "state": null,
              "speed": null,
              "pass": false,
              "fail": false,
              "pending": false,
              "context": null,
              "code": "let imageFileName = this.currentTest.title + \".jpeg\";\ndriver.takeScreenshot().then(function (image) {\n    require(\"fs\").writeFileSync(\n    \"./mochawesome-report/screenshots/role/\" + imageFileName,\n    image,\n    \"base64\"\n    );\n});\naddContext(this, \"A continuación imagen del resultado de la prueba.\");\naddContext(this, \"./screenshots/role\" + imageFileName);",
              "err": {},
              "uuid": "d7077aa5-5c40-4b7d-9e0f-6d9339185cc7",
              "parentUUID": "81bdf4f9-25a8-4725-abc0-571d435ff883",
              "isHook": true,
              "skipped": false
            }
          ],
          "tests": [
            {
              "title": "RU01 - Update a role sucess",
              "fullTitle": "Update Role RU01 - Update a role sucess",
              "timedOut": false,
              "duration": 5201,
              "state": "passed",
              "speed": "slow",
              "pass": true,
              "fail": false,
              "pending": false,
              "context": "[\n  \"A continuación imagen del resultado de la prueba.\",\n  \"./screenshots/roleRU01 - Update a role sucess.jpeg\"\n]",
              "code": "await driver.findElement(By.css('#edit-column-td4 .pen-edit-btn')).click();\nawait driver.sleep(2000);\nawait driver.findElement(By.id(\"mat-input-1\")).sendKeys(\"ROLE_CHANGED\");\nawait driver.findElement(By.id(\"mat-input-2\")).sendKeys(\"DESCRIPTION_CHANGED\");\nawait driver.sleep(2000);\nawait driver.findElement(By.className(\"main-button\")).click();\nawait driver.sleep(1000);\nawait driver.wait(until.elementLocated(By.className('success-snackbar')), 3000)\n.getText()\n.then(function(txt){\n    console.log(\"RU01 - Resultado esperado: Role updated\")\n    console.log(\"RU01 - Resultado obtenido: \" + txt);\n    txt.should.includes(\"Role updated\");\n});",
              "err": {},
              "uuid": "7e237708-c675-4dcd-95a9-31db99c642b2",
              "parentUUID": "81bdf4f9-25a8-4725-abc0-571d435ff883",
              "isHook": false,
              "skipped": false
            },
            {
              "title": "RU02 - Update a role with lacks role name",
              "fullTitle": "Update Role RU02 - Update a role with lacks role name",
              "timedOut": false,
              "duration": 6382,
              "state": "passed",
              "speed": "slow",
              "pass": true,
              "fail": false,
              "pending": false,
              "context": "[\n  \"A continuación imagen del resultado de la prueba.\",\n  \"./screenshots/roleRU02 - Update a role with lacks role name.jpeg\"\n]",
              "code": "await driver.get(\"http://localhost:4200/role\");\nawait driver.sleep(1000);\nawait driver.findElement(By.css('#edit-column-td4 .pen-edit-btn')).click();\nawait driver.sleep(2000);\nawait driver.findElement(By.id(\"mat-input-1\")).sendKeys(\"\");\nawait driver.findElement(By.id(\"mat-input-2\")).sendKeys(\"DESCRIPTION_CHANGED_1\");\nawait driver.sleep(2000);\nawait driver.findElement(By.className(\"main-button\")).click();\nawait driver.sleep(1000);\nawait driver.wait(until.elementLocated(By.className('success-snackbar')), 3000)\n.getText()\n.then(function(txt){\n    console.log(\"RU02 - Resultado esperado: Role updated\")\n    console.log(\"RU02 - Resultado obtenido: \" + txt);\n    txt.should.includes(\"Role updated\");\n});",
              "err": {},
              "uuid": "ef094fd6-d0c4-45ce-b916-502fbb28d99c",
              "parentUUID": "81bdf4f9-25a8-4725-abc0-571d435ff883",
              "isHook": false,
              "skipped": false
            },
            {
              "title": "RU03 - Update a role with lacks role description",
              "fullTitle": "Update Role RU03 - Update a role with lacks role description",
              "timedOut": false,
              "duration": 6321,
              "state": "passed",
              "speed": "slow",
              "pass": true,
              "fail": false,
              "pending": false,
              "context": "[\n  \"A continuación imagen del resultado de la prueba.\",\n  \"./screenshots/roleRU03 - Update a role with lacks role description.jpeg\"\n]",
              "code": "await driver.get(\"http://localhost:4200/role\");\nawait driver.sleep(1000);\nawait driver.findElement(By.css('#edit-column-td4 .pen-edit-btn')).click();\nawait driver.sleep(2000);\nawait driver.findElement(By.id(\"mat-input-1\")).sendKeys(\"ROLE_CHANGED_1\");\nawait driver.findElement(By.id(\"mat-input-2\")).sendKeys(\"\");\nawait driver.sleep(2000);\nawait driver.findElement(By.className(\"main-button\")).click();\nawait driver.sleep(1000);\nawait driver.wait(until.elementLocated(By.className('success-snackbar')), 3000)\n.getText()\n.then(function(txt){\n    console.log(\"RU03 - Resultado esperado: Role updated\")\n    console.log(\"RU03 - Resultado obtenido: \" + txt);\n    txt.should.includes(\"Role updated\");\n});",
              "err": {},
              "uuid": "22546f1a-0b33-455f-8eec-541165b6c831",
              "parentUUID": "81bdf4f9-25a8-4725-abc0-571d435ff883",
              "isHook": false,
              "skipped": false
            },
            {
              "title": "RU04 - Update role Admin",
              "fullTitle": "Update Role RU04 - Update role Admin",
              "timedOut": false,
              "duration": 6340,
              "state": "passed",
              "speed": "slow",
              "pass": true,
              "fail": false,
              "pending": false,
              "context": "[\n  \"A continuación imagen del resultado de la prueba.\",\n  \"./screenshots/roleRU04 - Update role Admin.jpeg\"\n]",
              "code": "await driver.get(\"http://localhost:4200/role\");\nawait driver.sleep(1000);\nawait driver.findElement(By.css('#edit-column-td1 .pen-edit-btn')).click();\nawait driver.sleep(2000);\nawait driver.findElement(By.id(\"mat-input-1\")).sendKeys(\"ROLE_CHANGED_2\");\nawait driver.findElement(By.id(\"mat-input-2\")).sendKeys(\"DESCRIPTION_CHANGED_2\");\nawait driver.sleep(2000);\nawait driver.findElement(By.className(\"main-button\")).click();\nawait driver.sleep(1000);\nawait driver.wait(until.elementLocated(By.className('failure-snackbar')), 3000)\n.getText()\n.then(function(txt){\n    console.log(\"RU04 - Resultado esperado: Roles with ID 1 and 2 cannot be edited\")\n    console.log(\"RU04 - Resultado obtenido: \" + txt);\n    txt.should.includes(\"Roles with ID 1 and 2 cannot be edited\");\n});",
              "err": {},
              "uuid": "9ca49032-67cf-457d-874e-6a259932e317",
              "parentUUID": "81bdf4f9-25a8-4725-abc0-571d435ff883",
              "isHook": false,
              "skipped": false
            },
            {
              "title": "RU05 - Update role Player",
              "fullTitle": "Update Role RU05 - Update role Player",
              "timedOut": false,
              "duration": 6420,
              "state": "passed",
              "speed": "slow",
              "pass": true,
              "fail": false,
              "pending": false,
              "context": "[\n  \"A continuación imagen del resultado de la prueba.\",\n  \"./screenshots/roleRU05 - Update role Player.jpeg\"\n]",
              "code": "await driver.get(\"http://localhost:4200/role\");\nawait driver.sleep(1000);\nawait driver.findElement(By.css('#edit-column-td2 .pen-edit-btn')).click();\nawait driver.sleep(2000);\nawait driver.findElement(By.id(\"mat-input-1\")).sendKeys(\"ROLE_CHANGED_3\");\nawait driver.findElement(By.id(\"mat-input-2\")).sendKeys(\"DESCRIPTION_CHANGED_3\");\nawait driver.sleep(2000);\nawait driver.findElement(By.className(\"main-button\")).click();\nawait driver.sleep(1000);\nawait driver.wait(until.elementLocated(By.className('failure-snackbar')), 3000)\n.getText()\n.then(function(txt){\n    console.log(\"RU05 - Resultado esperado: Roles with ID 1 and 2 cannot be edited\")\n    console.log(\"RU05 - Resultado obtenido: \" + txt);\n    txt.should.includes(\"Roles with ID 1 and 2 cannot be edited\");\n});",
              "err": {},
              "uuid": "4113d007-2455-4ac8-ae0c-9c16f6a41b57",
              "parentUUID": "81bdf4f9-25a8-4725-abc0-571d435ff883",
              "isHook": false,
              "skipped": false
            },
            {
              "title": "RU06 - update role only with 2 letters on role name",
              "fullTitle": "Update Role RU06 - update role only with 2 letters on role name",
              "timedOut": false,
              "duration": 6405,
              "state": "passed",
              "speed": "slow",
              "pass": true,
              "fail": false,
              "pending": false,
              "context": "[\n  \"A continuación imagen del resultado de la prueba.\",\n  \"./screenshots/roleRU06 - update role only with 2 letters on role name.jpeg\"\n]",
              "code": "await driver.get(\"http://localhost:4200/role\");\nawait driver.sleep(1000);\nawait driver.findElement(By.css('#edit-column-td4 .pen-edit-btn')).click();\nawait driver.sleep(2000);\nawait driver.findElement(By.id(\"mat-input-1\")).sendKeys(\"RO\");\nawait driver.findElement(By.id(\"mat-input-2\")).sendKeys(\"DESCRIPTION_CHANGED_4\");\nawait driver.sleep(2000);\nawait driver.findElement(By.className(\"main-button\")).click();\nawait driver.sleep(1000);\nawait driver.wait(until.elementLocated(By.id(\"mat-mdc-hint-0\")), 3000)\n.getText()\n.then(function(txt){\n    console.log(\"RU06 - Resultado esperado: Field ROLE_NAME_IN must have at least 3 characters\")\n    console.log(\"RU06 - Resultado obtenido: \" + txt);\n    txt.should.includes(\"Field ROLE_NAME_IN must have at least 3 characters\");\n});",
              "err": {},
              "uuid": "ed2288c7-8e4f-4168-b77e-44052f51feab",
              "parentUUID": "81bdf4f9-25a8-4725-abc0-571d435ff883",
              "isHook": false,
              "skipped": false
            },
            {
              "title": "RU07 - update role only with 2 letters on role description",
              "fullTitle": "Update Role RU07 - update role only with 2 letters on role description",
              "timedOut": false,
              "duration": 6305,
              "state": "passed",
              "speed": "slow",
              "pass": true,
              "fail": false,
              "pending": false,
              "context": "[\n  \"A continuación imagen del resultado de la prueba.\",\n  \"./screenshots/roleRU07 - update role only with 2 letters on role description.jpeg\"\n]",
              "code": "await driver.get(\"http://localhost:4200/role\");\nawait driver.sleep(1000);\nawait driver.findElement(By.css('#edit-column-td4 .pen-edit-btn')).click();\nawait driver.sleep(2000);\nawait driver.findElement(By.id(\"mat-input-1\")).sendKeys(\"ROLE_CHANGED_4\");\nawait driver.findElement(By.id(\"mat-input-2\")).sendKeys(\"RO\");\nawait driver.sleep(2000);\nawait driver.findElement(By.className(\"main-button\")).click();\nawait driver.sleep(1000);\nawait driver.wait(until.elementLocated(By.id(\"mat-mdc-hint-0\")), 3000)\n.getText()\n.then(function(txt){\n    console.log(\"RU07 - Resultado esperado: Field ROLE_DESCRIPTION_IN must have at least 3 characters\")\n    console.log(\"RU07 - Resultado obtenido: \" + txt);\n    txt.should.includes(\"Field ROLE_DESCRIPTION_IN must have at least 3 characters\");\n});",
              "err": {},
              "uuid": "6c3d5929-f673-4e40-807a-25626185bb76",
              "parentUUID": "81bdf4f9-25a8-4725-abc0-571d435ff883",
              "isHook": false,
              "skipped": false
            },
            {
              "title": "RU08 - update role with 50 letters on role name",
              "fullTitle": "Update Role RU08 - update role with 50 letters on role name",
              "timedOut": false,
              "duration": 6487,
              "state": "passed",
              "speed": "slow",
              "pass": true,
              "fail": false,
              "pending": false,
              "context": "[\n  \"A continuación imagen del resultado de la prueba.\",\n  \"./screenshots/roleRU08 - update role with 50 letters on role name.jpeg\"\n]",
              "code": "await driver.get(\"http://localhost:4200/role\");\nawait driver.sleep(1000);\nawait driver.findElement(By.css('#edit-column-td4 .pen-edit-btn')).click();\nawait driver.sleep(2000);\nawait driver.findElement(By.id(\"mat-input-1\")).sendKeys(\"ROLE_CHANGED_5ROLE_CHANGED_5ROLE_CHANGED_5ROLE_CHANGED_5ROLE_CHANGED_5\");\nawait driver.findElement(By.id(\"mat-input-2\")).sendKeys(\"DESCRIPTION_CHANGED_5\");\nawait driver.sleep(2000);\nawait driver.findElement(By.className(\"main-button\")).click();\nawait driver.sleep(1000);\nawait driver.wait(until.elementLocated(By.id(\"mat-mdc-hint-0\")), 3000)\n.getText()\n.then(function(txt){\n    console.log(\"RU08 - Resultado esperado: Field ROLE_NAME_IN must have a maximum of 50 characters\")\n    console.log(\"RU08 - Resultado obtenido: \" + txt);\n    txt.should.includes(\"Field ROLE_NAME_IN must have a maximum of 50 characters\");\n});",
              "err": {},
              "uuid": "a1dd108c-7558-4b76-8330-794ac0550e5a",
              "parentUUID": "81bdf4f9-25a8-4725-abc0-571d435ff883",
              "isHook": false,
              "skipped": false
            },
            {
              "title": "RU09 - update role with 256 letters on role description",
              "fullTitle": "Update Role RU09 - update role with 256 letters on role description",
              "timedOut": false,
              "duration": 6593,
              "state": "passed",
              "speed": "slow",
              "pass": true,
              "fail": false,
              "pending": false,
              "context": "[\n  \"A continuación imagen del resultado de la prueba.\",\n  \"./screenshots/roleRU09 - update role with 256 letters on role description.jpeg\"\n]",
              "code": "await driver.get(\"http://localhost:4200/role\");\nawait driver.sleep(1000);\nawait driver.findElement(By.css('#edit-column-td4 .pen-edit-btn')).click();\nawait driver.sleep(2000);\nawait driver.findElement(By.id(\"mat-input-1\")).sendKeys(\"ROLE_CHANGED_6\");\nawait driver.findElement(By.id(\"mat-input-2\")).sendKeys(\"aaaaaaaaaaaaaaaaaaaaaaaaaaaaaaaaaaaaaaaaaaaaaaaaaaaaaaaaaaaaaaaaaaaaaaaaaaaaaaaaaaaaaaaaaaaaaaaaaaaaaaaaaaaaaaaaaaaaaaaaaaaaaaaaaaaaaaaaaaaaaaaaaaaaaaaaaaaaaaaaaaaaaaaaaaaaaaaaaaaaaaaaaaaaaaaaaaaaaaaaaaaaaaaaaaaaaaaaaaaaaaaaaaaaaaaaaaaaaaaaaaaaaaaaaaaaaaaa\");\nawait driver.sleep(2000);\nawait driver.findElement(By.className(\"main-button\")).click();\nawait driver.sleep(1000);\nawait driver.wait(until.elementLocated(By.id(\"mat-mdc-hint-0\")), 3000)\n.getText()\n.then(function(txt){\n    console.log(\"RU09 - Resultado esperado: Field ROLE_DESCRIPTION_IN must have a maximum of 255 characters\")\n    console.log(\"RU09 - Resultado obtenido: \" + txt);\n    txt.should.includes(\"Field ROLE_DESCRIPTION_IN must have a maximum of 255 characters\");\n});",
              "err": {},
              "uuid": "04b537d7-7b83-4294-9412-7fbb8ceb0119",
              "parentUUID": "81bdf4f9-25a8-4725-abc0-571d435ff883",
              "isHook": false,
              "skipped": false
            }
          ],
          "suites": [],
          "passes": [
            "7e237708-c675-4dcd-95a9-31db99c642b2",
            "ef094fd6-d0c4-45ce-b916-502fbb28d99c",
            "22546f1a-0b33-455f-8eec-541165b6c831",
            "9ca49032-67cf-457d-874e-6a259932e317",
            "4113d007-2455-4ac8-ae0c-9c16f6a41b57",
            "ed2288c7-8e4f-4168-b77e-44052f51feab",
            "6c3d5929-f673-4e40-807a-25626185bb76",
            "a1dd108c-7558-4b76-8330-794ac0550e5a",
            "04b537d7-7b83-4294-9412-7fbb8ceb0119"
          ],
          "failures": [],
          "pending": [],
          "skipped": [],
          "duration": 56454,
          "root": false,
          "rootEmpty": false,
          "_timeout": 0
        },
        {
          "uuid": "8e377d40-e6dc-4bcf-a4b8-e3c3f6f17394",
          "title": "Create task",
          "fullFile": "C:\\Users\\gohan\\Escritorio\\CAPSTONE\\WEB\\listify-test\\listify-tests\\test\\task\\create-task.spec.js",
          "file": "\\test\\task\\create-task.spec.js",
[...]
                  "err": {},
                  "uuid": "42455099-6601-45a6-9df8-b975c5cdfe44",
                  "parentUUID": "c4ba6e8e-1dfb-41a4-9990-92c6cd0d0bfe",
                  "isHook": false,
                  "skipped": false
                },
                {
                  "title": "USU35 - Update user password as user lacks old password field",
                  "fullTitle": "Update User Update user from user view USU35 - Update user password as user lacks old password field",
                  "timedOut": false,
                  "duration": 2383,
                  "state": "passed",
                  "speed": "slow",
                  "pass": true,
                  "fail": false,
                  "pending": false,
                  "context": "[\n  \"A continuación imagen del resultado de la prueba.\",\n  \"./screenshots/user/USU35 - Update user password as user lacks old password field.jpeg\"\n]",
                  "code": "await driver.get(\"http://localhost:4200/settings\");\nawait driver.sleep(1000);\nawait driver.findElement(By.id('pass')).click();\nawait driver.sleep(1000);\nawait driver.findElement(By.id('mat-input-1')).sendKeys('newPasswordSettingsDummy');\nawait driver.findElement(By.id('mat-input-2')).sendKeys('newPasswordSettingsDummy');\nawait driver.findElement(By.className('main-button')).click();\nawait driver.wait(until.elementLocated(By.className('mat-mdc-form-field-hint mat-mdc-form-field-bottom-align hint ng-star-inserted')), 2000)\n    .getText()\n    .then(function(txt){\n        console.log(\"USU35 - Resultado esperado: Field OLD_PASSWORD_IN is required\")\n        console.log(\"USU35 - Resultado obtenido: \" + txt);\n        txt.should.includes(\"Field OLD_PASSWORD_IN is required\");\n    });",
                  "err": {},
                  "uuid": "c8a630ca-0627-4a24-9d47-9408ea148f9d",
                  "parentUUID": "c4ba6e8e-1dfb-41a4-9990-92c6cd0d0bfe",
                  "isHook": false,
                  "skipped": false
                },
                {
                  "title": "USU36 - Update user password as user lacks new password field",
                  "fullTitle": "Update User Update user from user view USU36 - Update user password as user lacks new password field",
                  "timedOut": false,
                  "duration": 2389,
                  "state": "passed",
                  "speed": "slow",
                  "pass": true,
                  "fail": false,
                  "pending": false,
                  "context": "[\n  \"A continuación imagen del resultado de la prueba.\",\n  \"./screenshots/user/USU36 - Update user password as user lacks new password field.jpeg\"\n]",
                  "code": "await driver.get(\"http://localhost:4200/settings\");\nawait driver.sleep(1000);\nawait driver.findElement(By.id('pass')).click();\nawait driver.sleep(1000);\nawait driver.findElement(By.id('mat-input-0')).sendKeys('newPasswordSettings');\nawait driver.findElement(By.id('mat-input-2')).sendKeys('newPasswordSettingsDummy');\nawait driver.findElement(By.className('main-button')).click();\nawait driver.wait(until.elementLocated(By.className('mat-mdc-form-field-hint mat-mdc-form-field-bottom-align hint ng-star-inserted')), 2000)\n    .getText()\n    .then(function(txt){\n        console.log(\"USU36 - Resultado esperado: Field NEW_PASSWORD_IN is required\")\n        console.log(\"USU36 - Resultado obtenido: \" + txt);\n        txt.should.includes(\"Field NEW_PASSWORD_IN is required\");\n    });",
                  "err": {},
                  "uuid": "4ea38fc1-cadc-4784-99b6-133107cee57d",
                  "parentUUID": "c4ba6e8e-1dfb-41a4-9990-92c6cd0d0bfe",
                  "isHook": false,
                  "skipped": false
                },
                {
                  "title": "USU37 - Update user password as user lacks confirm password field",
                  "fullTitle": "Update User Update user from user view USU37 - Update user password as user lacks confirm password field",
                  "timedOut": false,
                  "duration": 2334,
                  "state": "passed",
                  "speed": "slow",
                  "pass": true,
                  "fail": false,
                  "pending": false,
                  "context": "[\n  \"A continuación imagen del resultado de la prueba.\",\n  \"./screenshots/user/USU37 - Update user password as user lacks confirm password field.jpeg\"\n]",
                  "code": "await driver.get(\"http://localhost:4200/settings\");\nawait driver.sleep(1000);\nawait driver.findElement(By.id('pass')).click();\nawait driver.sleep(1000);\nawait driver.findElement(By.id('mat-input-0')).sendKeys('newPasswordSettings');\nawait driver.findElement(By.id('mat-input-1')).sendKeys('newPasswordSettingsDummy');\nawait driver.findElement(By.className('main-button')).click();\nawait driver.wait(until.elementLocated(By.className('mat-mdc-form-field-hint mat-mdc-form-field-bottom-align hint ng-star-inserted')), 2000)\n    .getText()\n    .then(function(txt){\n        console.log(\"USU37 - Resultado esperado: Field CONFIRM_PASSWORD_IN is required\")\n        console.log(\"USU37 - Resultado obtenido: \" + txt);\n        txt.should.includes(\"Field CONFIRM_PASSWORD_IN is required\");\n    });",
                  "err": {},
                  "uuid": "4b66a60e-9532-4187-9c83-e6de3c01615f",
                  "parentUUID": "c4ba6e8e-1dfb-41a4-9990-92c6cd0d0bfe",
                  "isHook": false,
                  "skipped": false
                },
                {
                  "title": "USU38 - Update user password as user under min old password",
                  "fullTitle": "Update User Update user from user view USU38 - Update user password as user under min old password",
                  "timedOut": false,
                  "duration": 2399,
                  "state": "passed",
                  "speed": "slow",
                  "pass": true,
                  "fail": false,
                  "pending": false,
                  "context": "[\n  \"A continuación imagen del resultado de la prueba.\",\n  \"./screenshots/user/USU38 - Update user password as user under min old password.jpeg\"\n]",
                  "code": "await driver.get(\"http://localhost:4200/settings\");\nawait driver.sleep(1000);\nawait driver.findElement(By.id('pass')).click();\nawait driver.sleep(1000);\nawait driver.findElement(By.id('mat-input-0')).sendKeys('aa');\nawait driver.findElement(By.id('mat-input-1')).sendKeys('newPasswordSettingsDummy');\nawait driver.findElement(By.id('mat-input-2')).sendKeys('newPasswordSettingsDummy');\nawait driver.findElement(By.className('main-button')).click();\nawait driver.wait(until.elementLocated(By.className('mat-mdc-form-field-hint mat-mdc-form-field-bottom-align hint ng-star-inserted')), 2000)\n    .getText()\n    .then(function(txt){\n        console.log(\"USU38 - Resultado esperado: Field OLD_PASSWORD_IN must have at least 8 characters\")\n        console.log(\"USU38 - Resultado obtenido: \" + txt);\n        txt.should.includes(\"Field OLD_PASSWORD_IN must have at least 8 characters\");\n    });",
                  "err": {},
                  "uuid": "5081aaf0-d7d2-4887-b322-99baa1914934",
                  "parentUUID": "c4ba6e8e-1dfb-41a4-9990-92c6cd0d0bfe",
                  "isHook": false,
                  "skipped": false
                },
                {
                  "title": "USU39 - Update user password as user over max old password",
                  "fullTitle": "Update User Update user from user view USU39 - Update user password as user over max old password",
                  "timedOut": false,
                  "duration": 2413,
                  "state": "passed",
                  "speed": "slow",
                  "pass": true,
                  "fail": false,
                  "pending": false,
                  "context": "[\n  \"A continuación imagen del resultado de la prueba.\",\n  \"./screenshots/user/USU39 - Update user password as user over max old password.jpeg\"\n]",
                  "code": "await driver.get(\"http://localhost:4200/settings\");\nawait driver.sleep(1000);\nawait driver.findElement(By.id('pass')).click();\nawait driver.sleep(1000);\nawait driver.findElement(By.id('mat-input-0')).sendKeys('dummyyyyyyyyyyyyyyyyyyyyyyyyyyyyyyyyyyyyyyyyyyyyyyy');\nawait driver.findElement(By.id('mat-input-1')).sendKeys('newPasswordSettingsDummy');\nawait driver.findElement(By.id('mat-input-2')).sendKeys('newPasswordSettingsDummy');\nawait driver.findElement(By.className('main-button')).click();\nawait driver.wait(until.elementLocated(By.className('mat-mdc-form-field-hint mat-mdc-form-field-bottom-align hint ng-star-inserted')), 2000)\n    .getText()\n    .then(function(txt){\n        console.log(\"USU39 - Resultado esperado: Field OLD_PASSWORD_IN must have a maximum of 50 characters\")\n        console.log(\"USU39 - Resultado obtenido: \" + txt);\n        txt.should.includes(\"Field OLD_PASSWORD_IN must have a maximum of 50 characters\");\n    });",
                  "err": {},
                  "uuid": "587b6b7d-fcb8-4a86-aa2e-d780e1ce4ce0",
                  "parentUUID": "c4ba6e8e-1dfb-41a4-9990-92c6cd0d0bfe",
                  "isHook": false,
                  "skipped": false
                },
                {
                  "title": "USU40 - Update user password as user under min new password",
                  "fullTitle": "Update User Update user from user view USU40 - Update user password as user under min new password",
                  "timedOut": false,
                  "duration": 2397,
                  "state": "passed",
                  "speed": "slow",
                  "pass": true,
                  "fail": false,
                  "pending": false,
                  "context": "[\n  \"A continuación imagen del resultado de la prueba.\",\n  \"./screenshots/user/USU40 - Update user password as user under min new password.jpeg\"\n]",
                  "code": "await driver.get(\"http://localhost:4200/settings\");\nawait driver.sleep(1000);\nawait driver.findElement(By.id('pass')).click();\nawait driver.sleep(1000);\nawait driver.findElement(By.id('mat-input-0')).sendKeys('newPasswordSettings');\nawait driver.findElement(By.id('mat-input-1')).sendKeys('aa');\nawait driver.findElement(By.id('mat-input-2')).sendKeys('newPasswordSettingsDummy');\nawait driver.findElement(By.className('main-button')).click();\nawait driver.wait(until.elementLocated(By.className('mat-mdc-form-field-hint mat-mdc-form-field-bottom-align hint ng-star-inserted')), 2000)\n    .getText()\n    .then(function(txt){\n        console.log(\"USU40 - Resultado esperado: Field NEW_PASSWORD_IN must have at least 8 characters\")\n        console.log(\"USU40 - Resultado obtenido: \" + txt);\n        txt.should.includes(\"Field NEW_PASSWORD_IN must have at least 8 characters\");\n    });",
                  "err": {},
                  "uuid": "c4357f15-588a-4476-9640-bdfb18936c26",
                  "parentUUID": "c4ba6e8e-1dfb-41a4-9990-92c6cd0d0bfe",
                  "isHook": false,
                  "skipped": false
                },
                {
                  "title": "USU41 - Update user password as user over max new password",
                  "fullTitle": "Update User Update user from user view USU41 - Update user password as user over max new password",
                  "timedOut": false,
                  "duration": 2407,
                  "state": "passed",
                  "speed": "slow",
                  "pass": true,
                  "fail": false,
                  "pending": false,
                  "context": "[\n  \"A continuación imagen del resultado de la prueba.\",\n  \"./screenshots/user/USU41 - Update user password as user over max new password.jpeg\"\n]",
                  "code": "await driver.get(\"http://localhost:4200/settings\");\nawait driver.sleep(1000);\nawait driver.findElement(By.id('pass')).click();\nawait driver.sleep(1000);\nawait driver.findElement(By.id('mat-input-0')).sendKeys('newPasswordSettings');\nawait driver.findElement(By.id('mat-input-1')).sendKeys('dummyyyyyyyyyyyyyyyyyyyyyyyyyyyyyyyyyyyyyyyyyyyyyyy');\nawait driver.findElement(By.id('mat-input-2')).sendKeys('newPasswordSettingsDummy');\nawait driver.findElement(By.className('main-button')).click();\nawait driver.wait(until.elementLocated(By.className('mat-mdc-form-field-hint mat-mdc-form-field-bottom-align hint ng-star-inserted')), 2000)\n    .getText()\n    .then(function(txt){\n        console.log(\"USU41 - Resultado esperado: Field NEW_PASSWORD_IN must have a maximum of 50 characters\")\n        console.log(\"USU41 - Resultado obtenido: \" + txt);\n        txt.should.includes(\"Field NEW_PASSWORD_IN must have a maximum of 50 characters\");\n    });",
                  "err": {},
                  "uuid": "66138439-f78e-416f-8e40-9a3142a8b1ee",
                  "parentUUID": "c4ba6e8e-1dfb-41a4-9990-92c6cd0d0bfe",
                  "isHook": false,
                  "skipped": false
                },
                {
                  "title": "USU42 - Update user password as user under min confirm password",
                  "fullTitle": "Update User Update user from user view USU42 - Update user password as user under min confirm password",
                  "timedOut": false,
                  "duration": 2345,
                  "state": "passed",
                  "speed": "slow",
                  "pass": true,
                  "fail": false,
                  "pending": false,
                  "context": "[\n  \"A continuación imagen del resultado de la prueba.\",\n  \"./screenshots/user/USU42 - Update user password as user under min confirm password.jpeg\"\n]",
                  "code": "await driver.get(\"http://localhost:4200/settings\");\nawait driver.sleep(1000);\nawait driver.findElement(By.id('pass')).click();\nawait driver.sleep(1000);\nawait driver.findElement(By.id('mat-input-0')).sendKeys('newPasswordSettings');\nawait driver.findElement(By.id('mat-input-1')).sendKeys('newPasswordSettingsDummy');\nawait driver.findElement(By.id('mat-input-2')).sendKeys('aa');\nawait driver.findElement(By.className('main-button')).click();\nawait driver.wait(until.elementLocated(By.className('mat-mdc-form-field-hint mat-mdc-form-field-bottom-align hint ng-star-inserted')), 2000)\n    .getText()\n    .then(function(txt){\n        console.log(\"USU42 - Resultado esperado: Field CONFIRM_PASSWORD_IN must have at least 8 characters\")\n        console.log(\"USU42 - Resultado obtenido: \" + txt);\n        txt.should.includes(\"Field CONFIRM_PASSWORD_IN must have at least 8 characters\");\n    });",
                  "err": {},
                  "uuid": "934d5130-2080-4d95-98dd-c47e8e600545",
                  "parentUUID": "c4ba6e8e-1dfb-41a4-9990-92c6cd0d0bfe",
                  "isHook": false,
                  "skipped": false
                },
                {
                  "title": "USU43 - Update user password as user over max confirm password",
                  "fullTitle": "Update User Update user from user view USU43 - Update user password as user over max confirm password",
                  "timedOut": false,
                  "duration": 2382,
                  "state": "passed",
                  "speed": "slow",
                  "pass": true,
                  "fail": false,
                  "pending": false,
                  "context": "[\n  \"A continuación imagen del resultado de la prueba.\",\n  \"./screenshots/user/USU43 - Update user password as user over max confirm password.jpeg\"\n]",
                  "code": "await driver.get(\"http://localhost:4200/settings\");\nawait driver.sleep(1000);\nawait driver.findElement(By.id('pass')).click();\nawait driver.sleep(1000);\nawait driver.findElement(By.id('mat-input-0')).sendKeys('newPasswordSettings');\nawait driver.findElement(By.id('mat-input-1')).sendKeys('newPasswordSettingsDummy');\nawait driver.findElement(By.id('mat-input-2')).sendKeys('dummyyyyyyyyyyyyyyyyyyyyyyyyyyyyyyyyyyyyyyyyyyyyyyy');\nawait driver.findElement(By.className('main-button')).click();\nawait driver.wait(until.elementLocated(By.className('mat-mdc-form-field-hint mat-mdc-form-field-bottom-align hint ng-star-inserted')), 2000)\n    .getText()\n    .then(function(txt){\n        console.log(\"USU43 - Resultado esperado: Field CONFIRM_PASSWORD_IN must have a maximum of 50 characters\")\n        console.log(\"USU43 - Resultado obtenido: \" + txt);\n        txt.should.includes(\"Field CONFIRM_PASSWORD_IN must have a maximum of 50 characters\");\n    });",
                  "err": {},
                  "uuid": "6beab77a-c09f-4e02-938f-7939f2a65faf",
                  "parentUUID": "c4ba6e8e-1dfb-41a4-9990-92c6cd0d0bfe",
                  "isHook": false,
                  "skipped": false
                }
              ],
              "suites": [],
              "passes": [
                "511ba460-6c96-4097-8e3f-51876b20109d",
                "a0ef8f1a-4eae-4b4d-89be-9c55d4f94c8c",
                "d36628ac-0e20-4b0f-a742-c29813856525",
                "e9c3e054-685b-4cbe-ad26-e4765af6143e",
                "7fa2dd8b-a5b0-4ac0-9957-384a34150224",
                "25f64e75-20e5-45d3-b89e-81f78d3fabce",
                "00b88497-66ec-438f-b1a9-a4238fa39091",
                "d42fcbd3-0302-4a72-ac17-cec1269c693c",
                "537cee1a-82c9-4d4f-8c0f-362051dd4421",
                "f43b1494-7864-4c26-9770-b418495496b0",
                "42455099-6601-45a6-9df8-b975c5cdfe44",
                "c8a630ca-0627-4a24-9d47-9408ea148f9d",
                "4ea38fc1-cadc-4784-99b6-133107cee57d",
                "4b66a60e-9532-4187-9c83-e6de3c01615f",
                "5081aaf0-d7d2-4887-b322-99baa1914934",
                "587b6b7d-fcb8-4a86-aa2e-d780e1ce4ce0",
                "c4357f15-588a-4476-9640-bdfb18936c26",
                "66138439-f78e-416f-8e40-9a3142a8b1ee",
                "934d5130-2080-4d95-98dd-c47e8e600545",
                "6beab77a-c09f-4e02-938f-7939f2a65faf"
              ],
              "failures": [],
              "pending": [],
              "skipped": [],
              "duration": 49753,
              "root": false,
              "rootEmpty": false,
              "_timeout": 0
            }
          ],
          "passes": [],
          "failures": [],
          "pending": [],
          "skipped": [],
          "duration": 0,
          "root": false,
          "rootEmpty": false,
          "_timeout": 0
        }
      ],
      "passes": [],
      "failures": [],
      "pending": [],
      "skipped": [],
      "duration": 0,
      "root": true,
      "rootEmpty": true,
      "_timeout": 0
    }
  ],
  "meta": {
    "mocha": {
      "version": "10.2.0"
    },
    "mochawesome": {
      "options": {
        "quiet": false,
        "reportFilename": "mochawesome",
        "saveHtml": true,
        "saveJson": true,
        "consoleReporter": "spec",
        "useInlineDiffs": false,
        "code": true
      },
      "version": "7.1.3"
    },
    "marge": {
      "options": null,
      "version": "6.2.0"
    }
  }
}